c:\users\tti13smikaelo\desktop\fysiikkaohjelmointi2\fysiikkaohjelmointi\debug\vc120.pdb
c:\users\tti13smikaelo\desktop\fysiikkaohjelmointi2\fysiikkaohjelmointi\debug\vc120.idb
c:\users\tti13smikaelo\desktop\fysiikkaohjelmointi2\fysiikkaohjelmointi\debug\bouncingballentity.obj
c:\users\tti13smikaelo\desktop\fysiikkaohjelmointi2\fysiikkaohjelmointi\debug\bouncingballscene.obj
c:\users\tti13smikaelo\desktop\fysiikkaohjelmointi2\fysiikkaohjelmointi\debug\box.obj
c:\users\tti13smikaelo\desktop\fysiikkaohjelmointi2\fysiikkaohjelmointi\debug\demobox.obj
c:\users\tti13smikaelo\desktop\fysiikkaohjelmointi2\fysiikkaohjelmointi\debug\entity.obj
c:\users\tti13smikaelo\desktop\fysiikkaohjelmointi2\fysiikkaohjelmointi\debug\main.obj
c:\users\tti13smikaelo\desktop\fysiikkaohjelmointi2\fysiikkaohjelmointi\debug\physics.obj
c:\users\tti13smikaelo\desktop\fysiikkaohjelmointi2\fysiikkaohjelmointi\debug\scene.obj
c:\users\tti13smikaelo\desktop\fysiikkaohjelmointi2\fysiikkaohjelmointi\debug\textbox.obj
c:\users\tti13smikaelo\desktop\fysiikkaohjelmointi2\fysiikkaohjelmointi\debug\valuebox.obj
c:\users\tti13smikaelo\desktop\fysiikkaohjelmointi2\fysiikkaohjelmointi\debug\varvalue.obj
c:\users\tti13smikaelo\desktop\fysiikkaohjelmointi2\fysiikkaohjelmointi\debug\mousecoordinatewrapper.obj
c:\users\tti13smikaelo\desktop\fysiikkaohjelmointi2\debug\fysiikkaohjelmointi.ilk
c:\users\tti13smikaelo\desktop\fysiikkaohjelmointi2\debug\fysiikkaohjelmointi.exe
c:\users\tti13smikaelo\desktop\fysiikkaohjelmointi2\debug\fysiikkaohjelmointi.pdb
c:\users\tti13smikaelo\desktop\fysiikkaohjelmointi2\fysiikkaohjelmointi\debug\fysiikka.c140eb03.tlog\cl.command.1.tlog
c:\users\tti13smikaelo\desktop\fysiikkaohjelmointi2\fysiikkaohjelmointi\debug\fysiikka.c140eb03.tlog\cl.read.1.tlog
c:\users\tti13smikaelo\desktop\fysiikkaohjelmointi2\fysiikkaohjelmointi\debug\fysiikka.c140eb03.tlog\cl.write.1.tlog
c:\users\tti13smikaelo\desktop\fysiikkaohjelmointi2\fysiikkaohjelmointi\debug\fysiikka.c140eb03.tlog\link.command.1.tlog
c:\users\tti13smikaelo\desktop\fysiikkaohjelmointi2\fysiikkaohjelmointi\debug\fysiikka.c140eb03.tlog\link.read.1.tlog
c:\users\tti13smikaelo\desktop\fysiikkaohjelmointi2\fysiikkaohjelmointi\debug\fysiikka.c140eb03.tlog\link.write.1.tlog
