Build started 22.4.2015 14:19:52.
     1>Project "C:\Users\tti13svesak\documents\visual studio 2013\Projects\Fysiikkaohjelmointi\Fysiikkaohjelmointi\Fysiikkaohjelmointi.vcxproj" on node 2 (Build target(s)).
     1>ClCompile:
         C:\Program Files (x86)\Microsoft Visual Studio 12.0\VC\bin\CL.exe /c /I"C:\Users\tti13svesak\documents\visual studio 2013\Projects\Fysiikkaohjelmointi\\SFML-2.2\include" /ZI /nologo /W3 /WX- /sdl /Od /Oy- /D _MBCS /Gm /EHsc /RTC1 /MDd /GS /fp:precise /Zc:wchar_t /Zc:forScope /Fo"Debug\\" /Fd"Debug\vc120.pdb" /Gd /TP /analyze- /errorReport:prompt BouncingBallEntity.cpp BouncingBallScene.cpp
         BouncingBallScene.cpp
     1>c:\users\tti13svesak\documents\visual studio 2013\projects\fysiikkaohjelmointi\fysiikkaohjelmointi\bouncingballscene.cpp(37): warning C4305: 'argument' : truncation from 'double' to 'float'
         BouncingBallEntity.cpp
         Generating Code...
       Link:
         C:\Program Files (x86)\Microsoft Visual Studio 12.0\VC\bin\link.exe /ERRORREPORT:PROMPT /OUT:"C:\Users\tti13svesak\documents\visual studio 2013\Projects\Fysiikkaohjelmointi\Debug\Fysiikkaohjelmointi.exe" /INCREMENTAL /NOLOGO /LIBPATH:"C:\Users\tti13svesak\documents\visual studio 2013\Projects\Fysiikkaohjelmointi\\SFML-2.2\lib" "sfml-system-d.lib" "sfml-window-d.lib" "sfml-graphics-d.lib" kernel32.lib user32.lib gdi32.lib winspool.lib comdlg32.lib advapi32.lib shell32.lib ole32.lib oleaut32.lib uuid.lib odbc32.lib odbccp32.lib /MANIFEST /MANIFESTUAC:"level='asInvoker' uiAccess='false'" /manifest:embed /DEBUG /PDB:"C:\Users\tti13svesak\documents\visual studio 2013\Projects\Fysiikkaohjelmointi\Debug\Fysiikkaohjelmointi.pdb" /TLBID:1 /DYNAMICBASE /NXCOMPAT /IMPLIB:"C:\Users\tti13svesak\documents\visual studio 2013\Projects\Fysiikkaohjelmointi\Debug\Fysiikkaohjelmointi.lib" /MACHINE:X86 Debug\BouncingBallEntity.obj
         Debug\BouncingBallScene.obj
         Debug\Box.obj
         Debug\DemoBox.obj
         Debug\Entity.obj
         Debug\main.obj
         Debug\Physics.obj
         Debug\Scene.obj
         Debug\TextBox.obj
         Debug\ValueBox.obj
         Fysiikkaohjelmointi.vcxproj -> C:\Users\tti13svesak\documents\visual studio 2013\Projects\Fysiikkaohjelmointi\Debug\Fysiikkaohjelmointi.exe
     1>Done Building Project "C:\Users\tti13svesak\documents\visual studio 2013\Projects\Fysiikkaohjelmointi\Fysiikkaohjelmointi\Fysiikkaohjelmointi.vcxproj" (Build target(s)).

Build succeeded.

Time Elapsed 00:00:01.37
